Build started 1/30/2017 8:35:42 PM.
     1>Project "C:\Users\Nathaniel\Documents\BYU\BYU Winter 2017\CS 142\Labs\Lab 4\Lab_4\Lab_4\Lab_4.vcxproj" on node 2 (Build target(s)).
     1>ClCompile:
         C:\Program Files (x86)\Microsoft Visual Studio 12.0\VC\bin\CL.exe /c /ZI /nologo /W3 /WX- /sdl /Od /Oy- /D _MBCS /Gm /EHsc /RTC1 /MDd /GS /fp:precise /Zc:wchar_t /Zc:forScope /Fo"Debug\\" /Fd"Debug\vc120.pdb" /Gd /TP /analyze- /errorReport:prompt Source.cpp
         Source.cpp
     1>c:\users\nathaniel\documents\byu\byu winter 2017\cs 142\labs\lab 4\lab_4\lab_4\source.cpp(73): warning C4244: 'initializing' : conversion from 'double' to 'const int', possible loss of data
     1>c:\users\nathaniel\documents\byu\byu winter 2017\cs 142\labs\lab 4\lab_4\lab_4\source.cpp(74): warning C4244: 'initializing' : conversion from 'double' to 'const int', possible loss of data
     1>c:\users\nathaniel\documents\byu\byu winter 2017\cs 142\labs\lab 4\lab_4\lab_4\source.cpp(75): warning C4244: 'initializing' : conversion from 'double' to 'const int', possible loss of data
     1>c:\users\nathaniel\documents\byu\byu winter 2017\cs 142\labs\lab 4\lab_4\lab_4\source.cpp(76): warning C4244: 'initializing' : conversion from 'double' to 'const int', possible loss of data
     1>c:\users\nathaniel\documents\byu\byu winter 2017\cs 142\labs\lab 4\lab_4\lab_4\source.cpp(77): warning C4244: 'initializing' : conversion from 'double' to 'const int', possible loss of data
     1>c:\users\nathaniel\documents\byu\byu winter 2017\cs 142\labs\lab 4\lab_4\lab_4\source.cpp(78): warning C4244: 'initializing' : conversion from 'double' to 'const int', possible loss of data
     1>c:\users\nathaniel\documents\byu\byu winter 2017\cs 142\labs\lab 4\lab_4\lab_4\source.cpp(79): warning C4244: 'initializing' : conversion from 'double' to 'const int', possible loss of data
     1>c:\users\nathaniel\documents\byu\byu winter 2017\cs 142\labs\lab 4\lab_4\lab_4\source.cpp(80): warning C4244: 'initializing' : conversion from 'double' to 'const int', possible loss of data
     1>c:\users\nathaniel\documents\byu\byu winter 2017\cs 142\labs\lab 4\lab_4\lab_4\source.cpp(81): warning C4244: 'initializing' : conversion from 'double' to 'const int', possible loss of data
     1>c:\users\nathaniel\documents\byu\byu winter 2017\cs 142\labs\lab 4\lab_4\lab_4\source.cpp(95): warning C4244: 'argument' : conversion from 'time_t' to 'unsigned int', possible loss of data
       Link:
         C:\Program Files (x86)\Microsoft Visual Studio 12.0\VC\bin\link.exe /ERRORREPORT:PROMPT /OUT:"C:\Users\Nathaniel\Documents\BYU\BYU Winter 2017\CS 142\Labs\Lab 4\Lab_4\Debug\Lab_4.exe" /INCREMENTAL /NOLOGO kernel32.lib user32.lib gdi32.lib winspool.lib comdlg32.lib advapi32.lib shell32.lib ole32.lib oleaut32.lib uuid.lib odbc32.lib odbccp32.lib /MANIFEST /MANIFESTUAC:"level='asInvoker' uiAccess='false'" /manifest:embed /DEBUG /PDB:"C:\Users\Nathaniel\Documents\BYU\BYU Winter 2017\CS 142\Labs\Lab 4\Lab_4\Debug\Lab_4.pdb" /TLBID:1 /DYNAMICBASE /NXCOMPAT /IMPLIB:"C:\Users\Nathaniel\Documents\BYU\BYU Winter 2017\CS 142\Labs\Lab 4\Lab_4\Debug\Lab_4.lib" /MACHINE:X86 Debug\Source.obj
         Lab_4.vcxproj -> C:\Users\Nathaniel\Documents\BYU\BYU Winter 2017\CS 142\Labs\Lab 4\Lab_4\Debug\Lab_4.exe
     1>Done Building Project "C:\Users\Nathaniel\Documents\BYU\BYU Winter 2017\CS 142\Labs\Lab 4\Lab_4\Lab_4\Lab_4.vcxproj" (Build target(s)).

Build succeeded.

Time Elapsed 00:00:05.69
